found 79 episode histories
model:microsoft/Phi-4-multimodal-instruct
saving 79 answers
Bookstore / Library [3, 0]
Office [12, 10]
Bedroom / Hotel [18, 9]
Bathroom [8, 8]
Living room / Lounge [8, 6]
Apartment [4, 0]
Conference Room [9, 6]
Copy / Mail Room [4, 0]
Kitchen [5, 4]
Laundry Room [1, 1]
Storage / Basement / Garage [2, 0]
Lobby [4, 1]
Classroom [1, 1]
found 79 episode histories
model:microsoft/Phi-4-multimodal-instruct
saving 79 answers
Bookstore / Library [3, 0]
Office [12, 10]
Bedroom / Hotel [18, 7]
Bathroom [8, 7]
Living room / Lounge [8, 5]
Apartment [4, 0]
Conference Room [9, 8]
Copy / Mail Room [4, 0]
Kitchen [5, 4]
Laundry Room [1, 1]
Storage / Basement / Garage [2, 0]
Lobby [4, 1]
Classroom [1, 1]
found 79 episode histories
model:microsoft/Phi-4-multimodal-instruct
saving 79 answers
Bookstore / Library [3, 0]
Office [12, 10]
Bedroom / Hotel [18, 11]
Bathroom [8, 8]
Living room / Lounge [8, 5]
Apartment [4, 0]
Conference Room [9, 5]
Copy / Mail Room [4, 2]
Kitchen [5, 4]
Laundry Room [1, 1]
Storage / Basement / Garage [2, 1]
Lobby [4, 1]
Classroom [1, 1]
found 79 episode histories
model:microsoft/Phi-4-multimodal-instruct
saving 79 answers
Bookstore / Library [3, 0]
Office [12, 10]
Bedroom / Hotel [18, 10]
Bathroom [8, 8]
Living room / Lounge [8, 6]
Apartment [4, 0]
Conference Room [9, 8]
Copy / Mail Room [4, 3]
Kitchen [5, 3]
Laundry Room [1, 1]
Storage / Basement / Garage [2, 0]
Lobby [4, 1]
Classroom [1, 1]
