found 79 episode histories
model:microsoft/Phi-4-multimodal-instruct
saving 79 answers
Bookstore / Library [3, 1]
Office [12, 8]
Bedroom / Hotel [18, 7]
Bathroom [8, 7]
Living room / Lounge [8, 4]
Apartment [4, 0]
Conference Room [9, 3]
Copy / Mail Room [4, 0]
Kitchen [5, 5]
Laundry Room [1, 1]
Storage / Basement / Garage [2, 0]
Lobby [4, 0]
Classroom [1, 1]
found 79 episode histories
model:microsoft/Phi-4-multimodal-instruct
saving 79 answers
Bookstore / Library [3, 0]
Office [12, 9]
Bedroom / Hotel [18, 11]
Bathroom [8, 6]
Living room / Lounge [8, 6]
Apartment [4, 0]
Conference Room [9, 2]
Copy / Mail Room [4, 0]
Kitchen [5, 4]
Laundry Room [1, 1]
Storage / Basement / Garage [2, 0]
Lobby [4, 0]
Classroom [1, 1]
